2014-02-17 19:14:56.906 ISC Showcase[25167:80b] Multi-tasking -> Device: YES, App: YES
2014-02-17 19:14:57.161 ISC Showcase[25167:80b] Unlimited access to network resources
2014-02-17 19:14:59.141 ISC Showcase[25167:80b] Resetting plugins due to page load.
2014-02-17 19:14:59.356 ISC Showcase[25167:80b] Finished load of: file:///Users/yufanbai/Library/Application%20Support/iPhone%20Simulator/7.0.3/Applications/53408AE5-79CB-4DF3-8D53-ACA2BB9ED307/ISC%20Showcase.app/www/index.html
2014-02-17 19:28:54.427 ISC Showcase[25789:80b] Multi-tasking -> Device: YES, App: YES
2014-02-17 19:28:54.435 ISC Showcase[25789:80b] Unlimited access to network resources
2014-02-17 19:28:54.654 ISC Showcase[25789:80b] Resetting plugins due to page load.
2014-02-17 19:28:54.804 ISC Showcase[25789:80b] Finished load of: file:///Users/yufanbai/Library/Application%20Support/iPhone%20Simulator/7.0.3/Applications/53408AE5-79CB-4DF3-8D53-ACA2BB9ED307/ISC%20Showcase.app/www/index.html
2014-02-17 19:30:46.496 ISC Showcase[26956:80b] Multi-tasking -> Device: YES, App: YES
2014-02-17 19:30:46.509 ISC Showcase[26956:80b] Unlimited access to network resources
2014-02-17 19:30:46.756 ISC Showcase[26956:80b] Resetting plugins due to page load.
2014-02-17 19:30:46.929 ISC Showcase[26956:80b] Finished load of: file:///Users/yufanbai/Library/Application%20Support/iPhone%20Simulator/7.0.3/Applications/53408AE5-79CB-4DF3-8D53-ACA2BB9ED307/ISC%20Showcase.app/www/index.html
2014-02-17 19:33:40.585 ISC Showcase[27549:80b] Multi-tasking -> Device: YES, App: YES
2014-02-17 19:33:40.594 ISC Showcase[27549:80b] Unlimited access to network resources
2014-02-17 19:33:40.823 ISC Showcase[27549:80b] Resetting plugins due to page load.
2014-02-17 19:33:40.999 ISC Showcase[27549:80b] Finished load of: file:///Users/yufanbai/Library/Application%20Support/iPhone%20Simulator/7.0.3/Applications/53408AE5-79CB-4DF3-8D53-ACA2BB9ED307/ISC%20Showcase.app/www/index.html
2014-02-17 19:33:41.038 ISC Showcase[27549:80b] Resetting plugins due to page load.
2014-02-17 19:33:41.051 ISC Showcase[27549:80b] Failed to load webpage with error: The requested URL was not found on this server.
Feb 17 20:31:51 yufandeMac.local ISC Showcase[27549] <Error>: CGContextSetFillColorWithColor: invalid context 0x0. This is a serious error. This application, or a library it uses, is using an invalid context  and is thereby contributing to an overall degradation of system stability and reliability. This notice is a courtesy: please fix this problem. It will become a fatal error in an upcoming update.
Feb 17 20:31:51 yufandeMac.local ISC Showcase[27549] <Error>: CGContextSetStrokeColorWithColor: invalid context 0x0. This is a serious error. This application, or a library it uses, is using an invalid context  and is thereby contributing to an overall degradation of system stability and reliability. This notice is a courtesy: please fix this problem. It will become a fatal error in an upcoming update.
Feb 17 20:31:51 yufandeMac.local ISC Showcase[27549] <Error>: CGContextSaveGState: invalid context 0x0. This is a serious error. This application, or a library it uses, is using an invalid context  and is thereby contributing to an overall degradation of system stability and reliability. This notice is a courtesy: please fix this problem. It will become a fatal error in an upcoming update.
Feb 17 20:31:51 yufandeMac.local ISC Showcase[27549] <Error>: CGContextSetFlatness: invalid context 0x0. This is a serious error. This application, or a library it uses, is using an invalid context  and is thereby contributing to an overall degradation of system stability and reliability. This notice is a courtesy: please fix this problem. It will become a fatal error in an upcoming update.
Feb 17 20:31:51 yufandeMac.local ISC Showcase[27549] <Error>: CGContextAddPath: invalid context 0x0. This is a serious error. This application, or a library it uses, is using an invalid context  and is thereby contributing to an overall degradation of system stability and reliability. This notice is a courtesy: please fix this problem. It will become a fatal error in an upcoming update.
Feb 17 20:31:51 yufandeMac.local ISC Showcase[27549] <Error>: CGContextDrawPath: invalid context 0x0. This is a serious error. This application, or a library it uses, is using an invalid context  and is thereby contributing to an overall degradation of system stability and reliability. This notice is a courtesy: please fix this problem. It will become a fatal error in an upcoming update.
Feb 17 20:31:51 yufandeMac.local ISC Showcase[27549] <Error>: CGContextRestoreGState: invalid context 0x0. This is a serious error. This application, or a library it uses, is using an invalid context  and is thereby contributing to an overall degradation of system stability and reliability. This notice is a courtesy: please fix this problem. It will become a fatal error in an upcoming update.
Feb 17 20:31:51 yufandeMac.local ISC Showcase[27549] <Error>: CGContextSaveGState: invalid context 0x0. This is a serious error. This application, or a library it uses, is using an invalid context  and is thereby contributing to an overall degradation of system stability and reliability. This notice is a courtesy: please fix this problem. It will become a fatal error in an upcoming update.
Feb 17 20:31:51 yufandeMac.local ISC Showcase[27549] <Error>: CGContextSetFlatness: invalid context 0x0. This is a serious error. This application, or a library it uses, is using an invalid context  and is thereby contributing to an overall degradation of system stability and reliability. This notice is a courtesy: please fix this problem. It will become a fatal error in an upcoming update.
Feb 17 20:31:51 yufandeMac.local ISC Showcase[27549] <Error>: CGContextAddPath: invalid context 0x0. This is a serious error. This application, or a library it uses, is using an invalid context  and is thereby contributing to an overall degradation of system stability and reliability. This notice is a courtesy: please fix this problem. It will become a fatal error in an upcoming update.
Feb 17 20:31:51 yufandeMac.local ISC Showcase[27549] <Error>: CGContextDrawPath: invalid context 0x0. This is a serious error. This application, or a library it uses, is using an invalid context  and is thereby contributing to an overall degradation of system stability and reliability. This notice is a courtesy: please fix this problem. It will become a fatal error in an upcoming update.
Feb 17 20:31:51 yufandeMac.local ISC Showcase[27549] <Error>: CGContextRestoreGState: invalid context 0x0. This is a serious error. This application, or a library it uses, is using an invalid context  and is thereby contributing to an overall degradation of system stability and reliability. This notice is a courtesy: please fix this problem. It will become a fatal error in an upcoming update.
Feb 17 20:31:51 yufandeMac.local ISC Showcase[27549] <Error>: CGContextSetFillColorWithColor: invalid context 0x0. This is a serious error. This application, or a library it uses, is using an invalid context  and is thereby contributing to an overall degradation of system stability and reliability. This notice is a courtesy: please fix this problem. It will become a fatal error in an upcoming update.
Feb 17 20:31:51 yufandeMac.local ISC Showcase[27549] <Error>: CGContextSetStrokeColorWithColor: invalid context 0x0. This is a serious error. This application, or a library it uses, is using an invalid context  and is thereby contributing to an overall degradation of system stability and reliability. This notice is a courtesy: please fix this problem. It will become a fatal error in an upcoming update.
Feb 17 20:31:51 yufandeMac.local ISC Showcase[27549] <Error>: CGContextSetFillColorWithColor: invalid context 0x0. This is a serious error. This application, or a library it uses, is using an invalid context  and is thereby contributing to an overall degradation of system stability and reliability. This notice is a courtesy: please fix this problem. It will become a fatal error in an upcoming update.
Feb 17 20:31:51 yufandeMac.local ISC Showcase[27549] <Error>: CGContextSetStrokeColorWithColor: invalid context 0x0. This is a serious error. This application, or a library it uses, is using an invalid context  and is thereby contributing to an overall degradation of system stability and reliability. This notice is a courtesy: please fix this problem. It will become a fatal error in an upcoming update.
Feb 17 20:31:51 yufandeMac.local ISC Showcase[27549] <Error>: CGContextGetBlendMode: invalid context 0x0. This is a serious error. This application, or a library it uses, is using an invalid context  and is thereby contributing to an overall degradation of system stability and reliability. This notice is a courtesy: please fix this problem. It will become a fatal error in an upcoming update.
Feb 17 20:31:51 yufandeMac.local ISC Showcase[27549] <Error>: CGContextSetBlendMode: invalid context 0x0. This is a serious error. This application, or a library it uses, is using an invalid context  and is thereby contributing to an overall degradation of system stability and reliability. This notice is a courtesy: please fix this problem. It will become a fatal error in an upcoming update.
Feb 17 20:31:51 yufandeMac.local ISC Showcase[27549] <Error>: CGContextFillRects: invalid context 0x0. This is a serious error. This application, or a library it uses, is using an invalid context  and is thereby contributing to an overall degradation of system stability and reliability. This notice is a courtesy: please fix this problem. It will become a fatal error in an upcoming update.
Feb 17 20:31:51 yufandeMac.local ISC Showcase[27549] <Error>: CGContextSetBlendMode: invalid context 0x0. This is a serious error. This application, or a library it uses, is using an invalid context  and is thereby contributing to an overall degradation of system stability and reliability. This notice is a courtesy: please fix this problem. It will become a fatal error in an upcoming update.
Feb 17 20:31:51 yufandeMac.local ISC Showcase[27549] <Error>: CGContextSetFillColorWithColor: invalid context 0x0. This is a serious error. This application, or a library it uses, is using an invalid context  and is thereby contributing to an overall degradation of system stability and reliability. This notice is a courtesy: please fix this problem. It will become a fatal error in an upcoming update.
Feb 17 20:31:51 yufandeMac.local ISC Showcase[27549] <Error>: CGContextSetStrokeColorWithColor: invalid context 0x0. This is a serious error. This application, or a library it uses, is using an invalid context  and is thereby contributing to an overall degradation of system stability and reliability. This notice is a courtesy: please fix this problem. It will become a fatal error in an upcoming update.
Feb 17 20:31:51 yufandeMac.local ISC Showcase[27549] <Error>: CGContextGetBlendMode: invalid context 0x0. This is a serious error. This application, or a library it uses, is using an invalid context  and is thereby contributing to an overall degradation of system stability and reliability. This notice is a courtesy: please fix this problem. It will become a fatal error in an upcoming update.
Feb 17 20:31:51 yufandeMac.local ISC Showcase[27549] <Error>: CGContextSetBlendMode: invalid context 0x0. This is a serious error. This application, or a library it uses, is using an invalid context  and is thereby contributing to an overall degradation of system stability and reliability. This notice is a courtesy: please fix this problem. It will become a fatal error in an upcoming update.
Feb 17 20:31:51 yufandeMac.local ISC Showcase[27549] <Error>: CGContextFillRects: invalid context 0x0. This is a serious error. This application, or a library it uses, is using an invalid context  and is thereby contributing to an overall degradation of system stability and reliability. This notice is a courtesy: please fix this problem. It will become a fatal error in an upcoming update.
Feb 17 20:31:51 yufandeMac.local ISC Showcase[27549] <Error>: CGContextSetBlendMode: invalid context 0x0. This is a serious error. This application, or a library it uses, is using an invalid context  and is thereby contributing to an overall degradation of system stability and reliability. This notice is a courtesy: please fix this problem. It will become a fatal error in an upcoming update.
Feb 17 20:31:51 yufandeMac.local ISC Showcase[27549] <Error>: CGContextSetFillColorWithColor: invalid context 0x0. This is a serious error. This application, or a library it uses, is using an invalid context  and is thereby contributing to an overall degradation of system stability and reliability. This notice is a courtesy: please fix this problem. It will become a fatal error in an upcoming update.
Feb 17 20:31:51 yufandeMac.local ISC Showcase[27549] <Error>: CGContextSetStrokeColorWithColor: invalid context 0x0. This is a serious error. This application, or a library it uses, is using an invalid context  and is thereby contributing to an overall degradation of system stability and reliability. This notice is a courtesy: please fix this problem. It will become a fatal error in an upcoming update.
Feb 17 20:31:51 yufandeMac.local ISC Showcase[27549] <Error>: CGContextGetBlendMode: invalid context 0x0. This is a serious error. This application, or a library it uses, is using an invalid context  and is thereby contributing to an overall degradation of system stability and reliability. This notice is a courtesy: please fix this problem. It will become a fatal error in an upcoming update.
Feb 17 20:31:51 yufandeMac.local ISC Showcase[27549] <Error>: CGContextSetBlendMode: invalid context 0x0. This is a serious error. This application, or a library it uses, is using an invalid context  and is thereby contributing to an overall degradation of system stability and reliability. This notice is a courtesy: please fix this problem. It will become a fatal error in an upcoming update.
Feb 17 20:31:51 yufandeMac.local ISC Showcase[27549] <Error>: CGContextFillRects: invalid context 0x0. This is a serious error. This application, or a library it uses, is using an invalid context  and is thereby contributing to an overall degradation of system stability and reliability. This notice is a courtesy: please fix this problem. It will become a fatal error in an upcoming update.
Feb 17 20:31:51 yufandeMac.local ISC Showcase[27549] <Error>: CGContextSetBlendMode: invalid context 0x0. This is a serious error. This application, or a library it uses, is using an invalid context  and is thereby contributing to an overall degradation of system stability and reliability. This notice is a courtesy: please fix this problem. It will become a fatal error in an upcoming update.
2014-02-17 20:37:28.157 ISC Showcase[28852:80b] Multi-tasking -> Device: YES, App: YES
2014-02-17 20:37:28.166 ISC Showcase[28852:80b] Unlimited access to network resources
2014-02-17 20:37:28.426 ISC Showcase[28852:80b] Resetting plugins due to page load.
2014-02-17 20:37:28.596 ISC Showcase[28852:80b] Finished load of: file:///Users/yufanbai/Library/Application%20Support/iPhone%20Simulator/7.0.3/Applications/53408AE5-79CB-4DF3-8D53-ACA2BB9ED307/ISC%20Showcase.app/www/index.html
2014-02-17 20:37:28.685 ISC Showcase[28852:80b] Resetting plugins due to page load.
2014-02-17 20:37:28.687 ISC Showcase[28852:80b] Failed to load webpage with error: The requested URL was not found on this server.
2014-02-17 20:37:49.167 ISC Showcase[28852:80b] Resetting plugins due to page load.
2014-02-17 20:37:51.247 ISC Showcase[28852:80b] Failed to load webpage with error: The operation couldn’t be completed. (NSURLErrorDomain error -999.)
2014-02-17 20:37:51.248 ISC Showcase[28852:80b] Resetting plugins due to page load.
2014-02-17 20:37:52.000 ISC Showcase[28852:80b] Failed to load webpage with error: The operation couldn’t be completed. (NSURLErrorDomain error -999.)
2014-02-17 20:37:52.001 ISC Showcase[28852:80b] Resetting plugins due to page load.
2014-02-17 20:37:52.323 ISC Showcase[28852:80b] Failed to load webpage with error: The operation couldn’t be completed. (NSURLErrorDomain error -999.)
2014-02-17 20:37:52.324 ISC Showcase[28852:80b] Resetting plugins due to page load.
2014-02-17 20:37:52.767 ISC Showcase[28852:80b] Failed to load webpage with error: The operation couldn’t be completed. (NSURLErrorDomain error -999.)
2014-02-17 20:37:52.767 ISC Showcase[28852:80b] Resetting plugins due to page load.
2014-02-17 20:37:59.072 ISC Showcase[28852:80b] Finished load of: http://www.baidu.com/
2014-02-17 20:38:13.650 ISC Showcase[28852:80b] Resetting plugins due to page load.
2014-02-17 20:38:18.559 ISC Showcase[28852:80b] Finished load of: http://m.baidu.com/video?tt=2&itj=414&wtj=wi&ssid=0&from=844b&bd_page_type=1&uid=0&pu=sz%401320_2001%2Cta%40iphone_1_7.0_3_537
2014-02-17 20:38:18.561 ISC Showcase[28852:80b] Resetting plugins due to page load.
2014-02-17 20:40:02.435 ISC Showcase[29443:80b] Multi-tasking -> Device: YES, App: YES
2014-02-17 20:40:02.443 ISC Showcase[29443:80b] Unlimited access to network resources
2014-02-17 20:40:02.705 ISC Showcase[29443:80b] Resetting plugins due to page load.
2014-02-17 20:40:02.850 ISC Showcase[29443:80b] Finished load of: file:///Users/yufanbai/Library/Application%20Support/iPhone%20Simulator/7.0.3/Applications/53408AE5-79CB-4DF3-8D53-ACA2BB9ED307/ISC%20Showcase.app/www/index.html
2014-02-17 20:40:02.918 ISC Showcase[29443:80b] Resetting plugins due to page load.
2014-02-17 20:40:08.906 ISC Showcase[29443:80b] Finished load of: http://www.baidu.com/
2014-02-17 20:46:39.668 ISC Showcase[31270:80b] Multi-tasking -> Device: YES, App: YES
2014-02-17 20:46:39.676 ISC Showcase[31270:80b] Unlimited access to network resources
2014-02-17 20:46:40.010 ISC Showcase[31270:80b] Resetting plugins due to page load.
2014-02-17 20:46:40.111 ISC Showcase[31270:80b] Finished load of: file:///Users/yufanbai/Library/Application%20Support/iPhone%20Simulator/7.0.3/Applications/53408AE5-79CB-4DF3-8D53-ACA2BB9ED307/ISC%20Showcase.app/www/index.html
2014-02-17 20:46:40.208 ISC Showcase[31270:80b] Resetting plugins due to page load.
2014-02-17 20:46:45.331 ISC Showcase[31270:80b] Finished load of: http://www.baidu.com/
2014-02-17 20:47:40.750 ISC Showcase[31850:80b] Multi-tasking -> Device: YES, App: YES
2014-02-17 20:47:40.759 ISC Showcase[31850:80b] Unlimited access to network resources
2014-02-17 20:47:41.068 ISC Showcase[31850:80b] Resetting plugins due to page load.
2014-02-17 20:47:41.224 ISC Showcase[31850:80b] Finished load of: file:///Users/yufanbai/Library/Application%20Support/iPhone%20Simulator/7.0.3/Applications/53408AE5-79CB-4DF3-8D53-ACA2BB9ED307/ISC%20Showcase.app/www/index.html
2014-02-17 20:47:41.263 ISC Showcase[31850:80b] Resetting plugins due to page load.
2014-02-17 20:47:46.934 ISC Showcase[31850:80b] Finished load of: http://www.baidu.com/
2014-02-17 20:49:07.564 ISC Showcase[32438:80b] Multi-tasking -> Device: YES, App: YES
2014-02-17 20:49:07.572 ISC Showcase[32438:80b] Unlimited access to network resources
2014-02-17 20:49:07.939 ISC Showcase[32438:80b] Resetting plugins due to page load.
2014-02-17 20:49:07.993 ISC Showcase[32438:80b] Finished load of: file:///Users/yufanbai/Library/Application%20Support/iPhone%20Simulator/7.0.3/Applications/53408AE5-79CB-4DF3-8D53-ACA2BB9ED307/ISC%20Showcase.app/www/index.html
2014-02-17 20:49:08.107 ISC Showcase[32438:80b] Resetting plugins due to page load.
2014-02-17 20:49:12.751 ISC Showcase[32438:80b] Finished load of: http://www.baidu.com/
2014-02-17 21:04:41.143 ISC Showcase[33240:80b] Multi-tasking -> Device: YES, App: YES
2014-02-17 21:04:41.152 ISC Showcase[33240:80b] Unlimited access to network resources
2014-02-17 21:04:41.751 ISC Showcase[33240:80b] Resetting plugins due to page load.
2014-02-17 21:04:41.972 ISC Showcase[33240:80b] Finished load of: file:///Users/yufanbai/Library/Application%20Support/iPhone%20Simulator/7.0.3/Applications/53408AE5-79CB-4DF3-8D53-ACA2BB9ED307/ISC%20Showcase.app/www/index.html
2014-02-17 21:04:41.996 ISC Showcase[33240:80b] Resetting plugins due to page load.
2014-02-17 21:04:43.189 ISC Showcase[33240:80b] Finished load of: file:///Users/yufanbai/Library/Application%20Support/iPhone%20Simulator/7.0.3/Applications/53408AE5-79CB-4DF3-8D53-ACA2BB9ED307/ISC%20Showcase.app/www/showcase.html
2014-02-17 21:04:48.630 ISC Showcase[33240:80b] CDVWebViewDelegate: Unexpected didFinish while waiting for load start.
2014-02-17 23:11:17.872 ISC Showcase[4007:80b] Multi-tasking -> Device: YES, App: YES
2014-02-17 23:11:17.897 ISC Showcase[4007:80b] Unlimited access to network resources
2014-02-17 23:11:18.168 ISC Showcase[4007:80b] Resetting plugins due to page load.
2014-02-17 23:11:18.242 ISC Showcase[4007:80b] Finished load of: file:///Users/yufanbai/Library/Application%20Support/iPhone%20Simulator/7.0.3/Applications/79478CE9-28DA-4A35-A87B-B14D6D814BE6/ISC%20Showcase.app/www/index.html
2014-02-17 23:11:18.269 ISC Showcase[4007:80b] Resetting plugins due to page load.
2014-02-17 23:11:18.470 ISC Showcase[4007:80b] Finished load of: file:///Users/yufanbai/Library/Application%20Support/iPhone%20Simulator/7.0.3/Applications/79478CE9-28DA-4A35-A87B-B14D6D814BE6/ISC%20Showcase.app/www/showcase.html
2014-02-17 23:11:19.565 ISC Showcase[4007:80b] CDVWebViewDelegate: Unexpected didFinish while waiting for load start.
2014-02-17 23:21:37.366 ISC Showcase[5275:80b] Multi-tasking -> Device: YES, App: YES
2014-02-17 23:21:37.383 ISC Showcase[5275:80b] Unlimited access to network resources
2014-02-17 23:21:37.598 ISC Showcase[5275:80b] Resetting plugins due to page load.
2014-02-17 23:21:37.714 ISC Showcase[5275:80b] Finished load of: file:///Users/yufanbai/Library/Application%20Support/iPhone%20Simulator/7.0.3/Applications/79478CE9-28DA-4A35-A87B-B14D6D814BE6/ISC%20Showcase.app/www/index.html
2014-02-17 23:21:37.763 ISC Showcase[5275:80b] Resetting plugins due to page load.
2014-02-17 23:21:37.781 ISC Showcase[5275:80b] Finished load of: file:///Users/yufanbai/Library/Application%20Support/iPhone%20Simulator/7.0.3/Applications/79478CE9-28DA-4A35-A87B-B14D6D814BE6/ISC%20Showcase.app/www/showcase.html
2014-02-17 23:21:38.301 ISC Showcase[5275:80b] CDVWebViewDelegate: Unexpected didFinish while waiting for load start.
